<?xml version="1.0" encoding="UTF-8"?>
<!-- Generated by org.testng.reporters.JUnitReportReporter -->
<testsuite hostname="DESKTOP-HPNOI30" failures="0" tests="1" name="tests.MyntraTest" time="83.831" errors="0" timestamp="2024-03-09T20:28:42 IST" skipped="0">
  <testcase classname="tests.MyntraTest" name="myntraTest" time="83.831"/>
  <system-out/>
</testsuite> <!-- tests.MyntraTest -->
