<?xml version="1.0" encoding="UTF-8"?>
<!-- Generated by org.testng.reporters.JUnitReportReporter -->
<testsuite hostname="DESKTOP-HPNOI30" failures="0" tests="1" name="tests.MyntraTest" time="69.815" errors="0" timestamp="2024-03-12T13:30:47 IST" skipped="0">
  <testcase classname="tests.MyntraTest" name="myntraTest" time="69.815"/>
  <system-out/>
</testsuite> <!-- tests.MyntraTest -->
